Using document root /ngtcp2/
I00000000 0x886fe27b0d002d07363347a85c57608ad397 con recv packet len=1252
I00000000 0x886fe27b0d002d07363347a85c57608ad397 pkt rx pkt dcid=0x8e5e8b3c5352548646684726ecdcbb0fd02b scid=0x0fe15f18af0af8673ddb8466d73a729809 type=Initial(0x7f) payloadlen=1205
I00000000 0x886fe27b0d002d07363347a85c57608ad397 frm rx 2218558227 Initial(0x7f) STREAM(0x12) id=0x0 fin=0 offset=0 len=288 uni=0
Ordered STREAM data stream_id=0x0
00000000  16 03 01 01 1b 01 00 01  17 03 03 10 9c e4 ee 6b  |...............k|
00000010  26 16 b9 8d 99 9a f4 e6  d2 cd 9a 0a 6c 31 49 c2  |&...........l1I.|
00000020  63 f1 68 20 bf d4 c6 da  13 12 ab 00 00 08 13 01  |c.h ............|
00000030  13 02 13 03 00 ff 01 00  00 e6 00 1a 00 28 ff 00  |.............(..|
00000040  00 0b 00 22 00 00 00 04  00 04 00 00 00 01 00 04  |..."............|
00000050  00 10 00 00 00 03 00 02  00 1e 00 02 00 02 00 01  |................|
00000060  00 08 00 02 00 01 00 00  00 0e 00 0c 00 00 09 6c  |...............l|
00000070  6f 63 61 6c 68 6f 73 74  00 0b 00 04 03 00 01 02  |ocalhost........|
00000080  00 0a 00 0a 00 08 00 17  00 1d 00 18 00 19 00 23  |...............#|
00000090  00 00 00 10 00 08 00 06  05 68 71 2d 31 31 00 16  |.........hq-11..|
000000a0  00 00 00 17 00 00 00 0d  00 1e 00 1c 04 03 05 03  |................|
000000b0  06 03 08 07 08 08 08 09  08 0a 08 0b 08 04 08 05  |................|
000000c0  08 06 04 01 05 01 06 01  00 2b 00 03 02 7f 17 00  |.........+......|
000000d0  2d 00 02 01 01 00 33 00  47 00 45 00 17 00 41 04  |-.....3.G.E...A.|
000000e0  ae 77 9a 5d 51 8c 6f 62  be a9 59 8f 41 90 4a d5  |.w.]Q.ob..Y.A.J.|
000000f0  c8 5d 1c 51 7c 83 34 10  91 9e 0c 90 23 a5 60 24  |.].Q|.4.....#.`$|
00000100  a2 4f e2 67 9e 03 22 c1  e2 97 b7 72 3e 8d ce 13  |.O.g.."....r>...|
00000110  e8 7d d7 30 e3 9f 7e 16  55 4e d6 42 d5 1a 6d 0c  |.}.0..~.UN.B..m.|
00000120
I00000000 0x886fe27b0d002d07363347a85c57608ad397 cry remote transport_parameters initial_version=0xff00000b
I00000000 0x886fe27b0d002d07363347a85c57608ad397 cry remote transport_parameters initial_max_stream_data=262144
I00000000 0x886fe27b0d002d07363347a85c57608ad397 cry remote transport_parameters initial_max_data=1048576
I00000000 0x886fe27b0d002d07363347a85c57608ad397 cry remote transport_parameters initial_max_streams_bidi=1
I00000000 0x886fe27b0d002d07363347a85c57608ad397 cry remote transport_parameters initial_max_streams_uni=1
I00000000 0x886fe27b0d002d07363347a85c57608ad397 cry remote transport_parameters idle_timeout=30
I00000000 0x886fe27b0d002d07363347a85c57608ad397 cry remote transport_parameters max_packet_size=65527
I00000000 0x886fe27b0d002d07363347a85c57608ad397 cry remote transport_parameters ack_delay_exponent=3
SSL_READ_EARLY_DATA_FINISH
I00000000 0x886fe27b0d002d07363347a85c57608ad397 frm rx 2218558227 Initial(0x7f) PADDING(0x00) len=897
I00000000 0x886fe27b0d002d07363347a85c57608ad397 pkt read packet 1252 left 0
I00000000 0x886fe27b0d002d07363347a85c57608ad397 frm tx 1650996063 Handshake(0x7d) ACK(0x0d) largest_ack=2218558227 ack_delay=0(0) ack_block_count=0
I00000000 0x886fe27b0d002d07363347a85c57608ad397 frm tx 1650996063 Handshake(0x7d) ACK(0x0d) block=[2218558227..2218558227] block_count=0
I00000000 0x886fe27b0d002d07363347a85c57608ad397 frm tx 1650996063 Handshake(0x7d) PATH_CHALLENGE(0x0e) data=0dfe653cf55ffc05
I00000000 0x886fe27b0d002d07363347a85c57608ad397 frm tx 1650996063 Handshake(0x7d) STREAM(0x12) id=0x0 fin=0 offset=0 len=1153 uni=0
I00000000 0x886fe27b0d002d07363347a85c57608ad397 rcv loss_detection_alarm=1524904353034574080 last_hs_tx_pkt_ts=1524904352834574080 alarm_duration=200
I00000000 0x886fe27b0d002d07363347a85c57608ad397 frm tx 1650996064 Handshake(0x7d) PATH_CHALLENGE(0x0e) data=7d91a3baa4c29363
I00000000 0x886fe27b0d002d07363347a85c57608ad397 frm tx 1650996064 Handshake(0x7d) STREAM(0x16) id=0x0 fin=0 offset=1153 len=474 uni=0
I00000000 0x886fe27b0d002d07363347a85c57608ad397 rcv loss_detection_alarm=1524904353034574080 last_hs_tx_pkt_ts=1524904352834574080 alarm_duration=200
I00000006 0x886fe27b0d002d07363347a85c57608ad397 con recv packet len=84
I00000006 0x886fe27b0d002d07363347a85c57608ad397 pkt rx pkt dcid=0x886fe27b0d002d07363347a85c57608ad397 scid=0x0fe15f18af0af8673ddb8466d73a729809 type=Handshake(0x7d) payloadlen=37
I00000006 0x886fe27b0d002d07363347a85c57608ad397 frm rx 2218558228 Handshake(0x7d) ACK(0x0d) largest_ack=1650996063 ack_delay=0(0) ack_block_count=0
I00000006 0x886fe27b0d002d07363347a85c57608ad397 frm rx 2218558228 Handshake(0x7d) ACK(0x0d) block=[1650996063..1650996063] block_count=0
I00000006 0x886fe27b0d002d07363347a85c57608ad397 rcv latest_rtt=6 min_rtt=6 smoothed_rtt=6.174 rttvar=3.087 max_ack_delay=0
I00000006 0x886fe27b0d002d07363347a85c57608ad397 rcv packet 1650996063 acked, slow start cwnd=15841
I00000006 0x886fe27b0d002d07363347a85c57608ad397 rcv loss_detection_alarm=1524904352846922496 last_hs_tx_pkt_ts=1524904352834574080 alarm_duration=12
I00000006 0x886fe27b0d002d07363347a85c57608ad397 frm rx 2218558228 Handshake(0x7d) PATH_RESPONSE(0x0f) data=0dfe653cf55ffc05
I00000006 0x886fe27b0d002d07363347a85c57608ad397 con source address validated
I00000006 0x886fe27b0d002d07363347a85c57608ad397 pkt read packet 84 left 0
I00000007 0x886fe27b0d002d07363347a85c57608ad397 con recv packet len=147
I00000007 0x886fe27b0d002d07363347a85c57608ad397 pkt rx pkt dcid=0x886fe27b0d002d07363347a85c57608ad397 scid=0x0fe15f18af0af8673ddb8466d73a729809 type=Handshake(0x7d) payloadlen=100
I00000007 0x886fe27b0d002d07363347a85c57608ad397 frm rx 2218558229 Handshake(0x7d) ACK(0x0d) largest_ack=1650996064 ack_delay=0(0) ack_block_count=0
I00000007 0x886fe27b0d002d07363347a85c57608ad397 frm rx 2218558229 Handshake(0x7d) ACK(0x0d) block=[1650996064..1650996063] block_count=1
I00000007 0x886fe27b0d002d07363347a85c57608ad397 rcv latest_rtt=7 min_rtt=6 smoothed_rtt=6.346 rttvar=2.659 max_ack_delay=0
I00000007 0x886fe27b0d002d07363347a85c57608ad397 rcv packet 1650996064 acked, slow start cwnd=16393
I00000007 0x886fe27b0d002d07363347a85c57608ad397 rcv loss detection alarm canceled
I00000007 0x886fe27b0d002d07363347a85c57608ad397 frm rx 2218558229 Handshake(0x7d) PATH_RESPONSE(0x0f) data=7d91a3baa4c29363
I00000007 0x886fe27b0d002d07363347a85c57608ad397 frm rx 2218558229 Handshake(0x7d) STREAM(0x16) id=0x0 fin=0 offset=288 len=58 uni=0
Ordered STREAM data stream_id=0x0
00000000  17 03 03 00 35 d8 cc b2  0e c0 e2 d7 df 74 f9 b6  |....5........t..|
00000010  72 89 d8 03 58 02 f7 98  48 d3 8f 99 b7 cc 45 42  |r...X...H.....EB|
00000020  d8 c6 33 12 c7 3c e6 34  e5 37 d7 d4 c1 96 f5 4d  |..3..<.4.7.....M|
00000030  ee 57 51 a6 e3 ba 3b 22  cc c3                    |.WQ...;"..|
0000003a
Negotiated cipher suite is TLS13-AES-128-GCM-SHA256
Negotiated ALPN is hq-11
I00000007 0x886fe27b0d002d07363347a85c57608ad397 pkt read packet 147 left 0
QUIC handshake has completed
I00000007 0x886fe27b0d002d07363347a85c57608ad397 frm tx 1650996065 S01(0x00) ACK(0x0d) largest_ack=2218558229 ack_delay=0(0) ack_block_count=0
I00000007 0x886fe27b0d002d07363347a85c57608ad397 frm tx 1650996065 S01(0x00) ACK(0x0d) block=[2218558229..2218558228] block_count=1
I00000007 0x886fe27b0d002d07363347a85c57608ad397 frm tx 1650996065 S01(0x00) PING(0x07)
I00000007 0x886fe27b0d002d07363347a85c57608ad397 frm tx 1650996065 S01(0x00) STREAM(0x16) id=0x0 fin=0 offset=1627 len=240 uni=0
I00000007 0x886fe27b0d002d07363347a85c57608ad397 frm tx 1650996066 S01(0x00) STREAM(0x13) id=0x3 fin=1 offset=0 len=12 uni=1
I00000009 0x886fe27b0d002d07363347a85c57608ad397 con recv packet len=50
I00000009 0x886fe27b0d002d07363347a85c57608ad397 pkt rx pkt dcid=0x886fe27b0d002d07363347a85c57608ad397 scid=0x type=S01(0x00) payloadlen=0
I00000009 0x886fe27b0d002d07363347a85c57608ad397 frm rx 2218558230 S01(0x00) ACK(0x0d) largest_ack=1650996066 ack_delay=0(0) ack_block_count=0
I00000009 0x886fe27b0d002d07363347a85c57608ad397 frm rx 2218558230 S01(0x00) ACK(0x0d) block=[1650996066..1650996063] block_count=3
I00000009 0x886fe27b0d002d07363347a85c57608ad397 con packet after last handshake packet was acknowledged
I00000009 0x886fe27b0d002d07363347a85c57608ad397 rcv latest_rtt=2 min_rtt=2 smoothed_rtt=5.816 rttvar=3.055 max_ack_delay=0
I00000009 0x886fe27b0d002d07363347a85c57608ad397 rcv packet 1650996066 acked, slow start cwnd=16443
I00000009 0x886fe27b0d002d07363347a85c57608ad397 rcv packet 1650996065 acked, slow start cwnd=16737
I00000009 0x886fe27b0d002d07363347a85c57608ad397 rcv loss detection alarm canceled
I00000009 0x886fe27b0d002d07363347a85c57608ad397 frm rx 2218558230 S01(0x00) MAX_STREAM_ID(0x06) max_stream_id=7
I00000009 0x886fe27b0d002d07363347a85c57608ad397 pkt read packet 50 left 0
I00000009 0x886fe27b0d002d07363347a85c57608ad397 frm tx 1650996067 S01(0x00) ACK(0x0d) largest_ack=2218558230 ack_delay=0(0) ack_block_count=0
I00000009 0x886fe27b0d002d07363347a85c57608ad397 frm tx 1650996067 S01(0x00) ACK(0x0d) block=[2218558230..2218558230] block_count=0
I00003935 0x886fe27b0d002d07363347a85c57608ad397 con recv packet len=40
I00003935 0x886fe27b0d002d07363347a85c57608ad397 pkt rx pkt dcid=0x886fe27b0d002d07363347a85c57608ad397 scid=0x type=S01(0x00) payloadlen=0
I00003935 0x886fe27b0d002d07363347a85c57608ad397 frm rx 2218558231 S01(0x00) CONNECTION_CLOSE(0x02) error_code=NO_ERROR(0) reason_len=0
I00003935 0x886fe27b0d002d07363347a85c57608ad397 pkt read packet 40 left 0
ngtcp2_conn_recv: ERR_DRAINING
Draining period has started
Draining Period is over
Closing QUIC connection
